TN:
SF:components\Calendar.jsx
FN:11,Calendar
FN:19,(anonymous_1)
FN:26,(anonymous_2)
FN:30,(anonymous_3)
FN:36,(anonymous_4)
FN:42,(anonymous_5)
FN:59,(anonymous_6)
FNF:7
FNH:0
FNDA:0,Calendar
FNDA:0,(anonymous_1)
FNDA:0,(anonymous_2)
FNDA:0,(anonymous_3)
FNDA:0,(anonymous_4)
FNDA:0,(anonymous_5)
FNDA:0,(anonymous_6)
DA:12,0
DA:13,0
DA:14,0
DA:15,0
DA:16,0
DA:17,0
DA:19,0
DA:20,0
DA:23,0
DA:26,0
DA:30,0
DA:37,0
DA:43,0
DA:44,0
DA:45,0
DA:46,0
DA:47,0
DA:49,0
DA:59,0
DA:70,0
LF:20
LH:0
BRDA:16,0,0,0
BRDA:16,0,1,0
BRDA:43,1,0,0
BRDA:43,1,1,0
BRDA:54,2,0,0
BRDA:54,2,1,0
BRDA:55,3,0,0
BRDA:55,3,1,0
BRDA:55,3,2,0
BRDA:56,4,0,0
BRDA:56,4,1,0
BRDA:61,5,0,0
BRDA:61,5,1,0
BRF:13
BRH:0
end_of_record
TN:
SF:components\HabitCard.jsx
FN:13,HabitCard
FN:29,(anonymous_1)
FN:34,(anonymous_2)
FN:37,(anonymous_3)
FN:58,(anonymous_4)
FN:73,(anonymous_5)
FNF:6
FNH:0
FNDA:0,HabitCard
FNDA:0,(anonymous_1)
FNDA:0,(anonymous_2)
FNDA:0,(anonymous_3)
FNDA:0,(anonymous_4)
FNDA:0,(anonymous_5)
DA:15,0
DA:17,0
DA:18,0
DA:20,0
DA:21,0
DA:23,0
DA:24,0
DA:25,0
DA:26,0
DA:29,0
DA:30,0
DA:31,0
DA:34,0
DA:37,0
DA:38,0
DA:41,0
DA:44,0
DA:45,0
DA:47,0
DA:48,0
DA:49,0
DA:50,0
DA:51,0
DA:52,0
DA:53,0
DA:54,0
DA:55,0
DA:58,0
DA:59,0
DA:60,0
DA:63,0
DA:73,0
DA:115,0
LF:33
LH:0
BRDA:20,0,0,0
BRDA:20,0,1,0
BRDA:21,1,0,0
BRDA:21,1,1,0
BRDA:26,2,0,0
BRDA:26,2,1,0
BRDA:26,2,2,0
BRDA:30,3,0,0
BRDA:30,3,1,0
BRDA:30,4,0,0
BRDA:30,4,1,0
BRDA:38,5,0,0
BRDA:38,5,1,0
BRDA:47,6,0,0
BRDA:47,6,1,0
BRDA:50,7,0,0
BRDA:50,7,1,0
BRDA:53,8,0,0
BRDA:53,8,1,0
BRDA:59,9,0,0
BRDA:59,9,1,0
BRDA:69,10,0,0
BRDA:69,10,1,0
BRDA:84,11,0,0
BRDA:84,11,1,0
BRDA:92,12,0,0
BRDA:92,12,1,0
BRDA:100,13,0,0
BRDA:100,13,1,0
BRDA:101,14,0,0
BRDA:101,14,1,0
BRDA:102,15,0,0
BRDA:102,15,1,0
BRDA:107,16,0,0
BRDA:107,16,1,0
BRDA:108,17,0,0
BRDA:108,17,1,0
BRDA:108,17,2,0
BRF:38
BRH:0
end_of_record
TN:
SF:components\ProgressBar.jsx
FN:6,ProgressBar
FNF:1
FNH:0
FNDA:0,ProgressBar
DA:7,0
DA:8,0
DA:15,0
LF:3
LH:0
BRDA:6,0,0,0
BRDA:6,1,0,0
BRDA:6,2,0,0
BRF:3
BRH:0
end_of_record
TN:
SF:components\RpgHeaderCard.jsx
FN:19,RpgHeaderCard
FN:26,(anonymous_1)
FN:28,(anonymous_2)
FN:40,(anonymous_3)
FN:63,(anonymous_4)
FN:116,(anonymous_5)
FN:122,(anonymous_6)
FN:141,(anonymous_7)
FNF:8
FNH:0
FNDA:0,RpgHeaderCard
FNDA:0,(anonymous_1)
FNDA:0,(anonymous_2)
FNDA:0,(anonymous_3)
FNDA:0,(anonymous_4)
FNDA:0,(anonymous_5)
FNDA:0,(anonymous_6)
FNDA:0,(anonymous_7)
DA:20,0
DA:21,0
DA:22,0
DA:23,0
DA:26,0
DA:28,0
DA:29,0
DA:30,0
DA:33,0
DA:41,0
DA:42,0
DA:43,0
DA:64,0
DA:65,0
DA:66,0
DA:68,0
DA:117,0
DA:118,0
DA:122,0
DA:141,0
DA:156,0
LF:21
LH:0
BRDA:26,0,0,0
BRDA:26,0,1,0
BRDA:29,1,0,0
BRDA:29,1,1,0
BRDA:65,2,0,0
BRDA:65,2,1,0
BRDA:121,3,0,0
BRDA:121,3,1,0
BRDA:128,4,0,0
BRDA:128,4,1,0
BRF:10
BRH:0
end_of_record
TN:
SF:components\animations\CompletionBurst.jsx
FN:20,CompletionBurst
FN:26,(anonymous_1)
FN:63,(anonymous_2)
FN:69,(anonymous_3)
FNF:4
FNH:0
FNDA:0,CompletionBurst
FNDA:0,(anonymous_1)
FNDA:0,(anonymous_2)
FNDA:0,(anonymous_3)
DA:10,0
DA:21,0
DA:22,0
DA:23,0
DA:24,0
DA:26,0
DA:27,0
DA:63,0
DA:66,0
DA:70,0
DA:71,0
DA:75,0
DA:79,0
DA:83,0
DA:114,0
LF:15
LH:0
BRDA:20,0,0,0
BRDA:63,1,0,0
BRDA:63,1,1,0
BRF:3
BRH:0
end_of_record
TN:
SF:components\animations\LevelUpAnimation.jsx
FN:19,LevelUpOverlay
FN:32,(anonymous_1)
FN:88,(anonymous_2)
FN:89,(anonymous_3)
FN:92,(anonymous_4)
FN:104,(anonymous_5)
FNF:6
FNH:0
FNDA:0,LevelUpOverlay
FNDA:0,(anonymous_1)
FNDA:0,(anonymous_2)
FNDA:0,(anonymous_3)
FNDA:0,(anonymous_4)
FNDA:0,(anonymous_5)
DA:17,0
DA:26,0
DA:27,0
DA:28,0
DA:29,0
DA:30,0
DA:32,0
DA:34,0
DA:41,0
DA:51,0
DA:70,0
DA:88,0
DA:89,0
DA:92,0
DA:93,0
DA:104,0
DA:107,0
DA:112,0
DA:157,0
LF:19
LH:0
BRDA:20,0,0,0
BRDA:21,1,0,0
BRDA:22,2,0,0
BRDA:23,3,0,0
BRDA:104,4,0,0
BRDA:104,4,1,0
BRDA:171,5,0,0
BRDA:171,5,1,0
BRDA:183,6,0,0
BRDA:183,6,1,0
BRF:10
BRH:0
end_of_record
TN:
SF:context\HabitContext.jsx
FN:21,reducer
FN:30,(anonymous_1)
FN:33,(anonymous_2)
FN:38,(anonymous_3)
FN:55,HabitProvider
FN:58,(anonymous_5)
FN:59,(anonymous_6)
FN:65,(anonymous_7)
FN:71,(anonymous_8)
FN:95,(anonymous_9)
FN:107,(anonymous_10)
FN:108,(anonymous_11)
FN:118,(anonymous_12)
FN:119,(anonymous_13)
FN:135,(anonymous_14)
FN:148,(anonymous_15)
FN:149,(anonymous_16)
FN:169,(anonymous_17)
FN:198,useHabits
FNF:19
FNH:0
FNDA:0,reducer
FNDA:0,(anonymous_1)
FNDA:0,(anonymous_2)
FNDA:0,(anonymous_3)
FNDA:0,HabitProvider
FNDA:0,(anonymous_5)
FNDA:0,(anonymous_6)
FNDA:0,(anonymous_7)
FNDA:0,(anonymous_8)
FNDA:0,(anonymous_9)
FNDA:0,(anonymous_10)
FNDA:0,(anonymous_11)
FNDA:0,(anonymous_12)
FNDA:0,(anonymous_13)
FNDA:0,(anonymous_14)
FNDA:0,(anonymous_15)
FNDA:0,(anonymous_16)
FNDA:0,(anonymous_17)
FNDA:0,useHabits
DA:14,0
DA:16,0
DA:22,0
DA:24,0
DA:26,0
DA:28,0
DA:30,0
DA:33,0
DA:35,0
DA:36,0
DA:39,0
DA:40,0
DA:41,0
DA:42,0
DA:44,0
DA:46,0
DA:51,0
DA:56,0
DA:58,0
DA:59,0
DA:60,0
DA:61,0
DA:65,0
DA:66,0
DA:67,0
DA:71,0
DA:72,0
DA:88,0
DA:89,0
DA:92,0
DA:95,0
DA:96,0
DA:97,0
DA:98,0
DA:99,0
DA:101,0
DA:102,0
DA:104,0
DA:107,0
DA:108,0
DA:109,0
DA:110,0
DA:111,0
DA:112,0
DA:115,0
DA:118,0
DA:119,0
DA:120,0
DA:122,0
DA:123,0
DA:124,0
DA:126,0
DA:127,0
DA:131,0
DA:133,0
DA:134,0
DA:135,0
DA:136,0
DA:140,0
DA:143,0
DA:144,0
DA:148,0
DA:149,0
DA:150,0
DA:152,0
DA:153,0
DA:155,0
DA:156,0
DA:157,0
DA:161,0
DA:164,0
DA:165,0
DA:166,0
DA:167,0
DA:168,0
DA:169,0
DA:170,0
DA:174,0
DA:178,0
DA:181,0
DA:199,0
DA:200,0
DA:201,0
LF:83
LH:0
BRDA:22,0,0,0
BRDA:22,0,1,0
BRDA:22,0,2,0
BRDA:22,0,3,0
BRDA:22,0,4,0
BRDA:22,0,5,0
BRDA:30,1,0,0
BRDA:30,1,1,0
BRDA:39,2,0,0
BRDA:39,2,1,0
BRDA:41,3,0,0
BRDA:41,3,1,0
BRDA:66,4,0,0
BRDA:66,4,1,0
BRDA:77,5,0,0
BRDA:77,5,1,0
BRDA:78,6,0,0
BRDA:78,6,1,0
BRDA:88,7,0,0
BRDA:88,7,1,0
BRDA:96,8,0,0
BRDA:96,8,1,0
BRDA:96,9,0,0
BRDA:96,9,1,0
BRDA:97,10,0,0
BRDA:97,10,1,0
BRDA:101,11,0,0
BRDA:101,11,1,0
BRDA:109,12,0,0
BRDA:109,12,1,0
BRDA:110,13,0,0
BRDA:110,13,1,0
BRDA:111,14,0,0
BRDA:111,14,1,0
BRDA:120,15,0,0
BRDA:120,15,1,0
BRDA:126,16,0,0
BRDA:126,16,1,0
BRDA:133,17,0,0
BRDA:133,17,1,0
BRDA:150,18,0,0
BRDA:150,18,1,0
BRDA:155,19,0,0
BRDA:155,19,1,0
BRDA:165,20,0,0
BRDA:165,20,1,0
BRDA:167,21,0,0
BRDA:167,21,1,0
BRDA:200,22,0,0
BRDA:200,22,1,0
BRF:50
BRH:0
end_of_record
TN:
SF:context\RpgContext.jsx
FN:40,RpgProvider
FN:50,(anonymous_1)
FN:51,(anonymous_2)
FN:56,(anonymous_3)
FN:74,(anonymous_4)
FN:76,(anonymous_5)
FN:83,(anonymous_6)
FN:100,(anonymous_7)
FN:111,(anonymous_8)
FN:116,(anonymous_9)
FN:120,(anonymous_10)
FN:148,(anonymous_11)
FN:149,(anonymous_12)
FN:175,(anonymous_13)
FN:176,(anonymous_14)
FN:196,useRpg
FNF:16
FNH:0
FNDA:0,RpgProvider
FNDA:0,(anonymous_1)
FNDA:0,(anonymous_2)
FNDA:0,(anonymous_3)
FNDA:0,(anonymous_4)
FNDA:0,(anonymous_5)
FNDA:0,(anonymous_6)
FNDA:0,(anonymous_7)
FNDA:0,(anonymous_8)
FNDA:0,(anonymous_9)
FNDA:0,(anonymous_10)
FNDA:0,(anonymous_11)
FNDA:0,(anonymous_12)
FNDA:0,(anonymous_13)
FNDA:0,(anonymous_14)
FNDA:0,useRpg
DA:11,0
DA:13,0
DA:20,0
DA:27,0
DA:38,0
DA:41,0
DA:42,0
DA:47,0
DA:50,0
DA:51,0
DA:52,0
DA:53,0
DA:54,0
DA:55,0
DA:56,0
DA:66,0
DA:68,0
DA:74,0
DA:75,0
DA:76,0
DA:77,0
DA:83,0
DA:84,0
DA:85,0
DA:89,0
DA:90,0
DA:91,0
DA:92,0
DA:94,0
DA:95,0
DA:96,0
DA:97,0
DA:100,0
DA:110,0
DA:111,0
DA:116,0
DA:117,0
DA:118,0
DA:120,0
DA:121,0
DA:122,0
DA:123,0
DA:124,0
DA:126,0
DA:127,0
DA:128,0
DA:129,0
DA:132,0
DA:134,0
DA:148,0
DA:149,0
DA:159,0
DA:160,0
DA:162,0
DA:175,0
DA:176,0
DA:179,0
DA:197,0
DA:198,0
DA:199,0
LF:60
LH:0
BRDA:54,0,0,0
BRDA:54,0,1,0
BRDA:75,1,0,0
BRDA:75,1,1,0
BRDA:83,2,0,0
BRDA:85,3,0,0
BRDA:85,3,1,0
BRDA:89,4,0,0
BRDA:89,4,1,0
BRDA:90,5,0,0
BRDA:90,5,1,0
BRDA:110,6,0,0
BRDA:110,6,1,0
BRDA:116,7,0,0
BRDA:118,8,0,0
BRDA:118,8,1,0
BRDA:121,9,0,0
BRDA:121,9,1,0
BRDA:122,10,0,0
BRDA:122,10,1,0
BRDA:126,11,0,0
BRDA:126,11,1,0
BRDA:132,12,0,0
BRDA:132,12,1,0
BRDA:151,13,0,0
BRDA:151,13,1,0
BRDA:152,14,0,0
BRDA:152,14,1,0
BRDA:159,15,0,0
BRDA:159,15,1,0
BRDA:160,16,0,0
BRDA:160,16,1,0
BRDA:162,17,0,0
BRDA:162,17,1,0
BRDA:162,18,0,0
BRDA:162,18,1,0
BRDA:198,19,0,0
BRDA:198,19,1,0
BRF:38
BRH:0
end_of_record
TN:
SF:utils\dates.js
FN:7,todayKey
FN:11,toKey
FN:18,addDays
FN:24,isSameDay
FN:29,getMonthMatrix
FN:47,isWithinExecutionWindow
FNF:6
FNH:5
FNDA:3,todayKey
FNDA:58,toKey
FNDA:42,addDays
FNDA:2,isSameDay
FNDA:0,getMonthMatrix
FNDA:7,isWithinExecutionWindow
DA:8,3
DA:12,58
DA:13,58
DA:14,58
DA:15,58
DA:19,42
DA:20,42
DA:21,42
DA:25,2
DA:31,0
DA:32,0
DA:33,0
DA:35,0
DA:36,0
DA:37,0
DA:38,0
DA:39,0
DA:42,2
DA:48,7
DA:49,6
DA:50,6
DA:51,6
DA:52,6
DA:53,6
DA:55,6
DA:56,3
DA:59,3
LF:27
LH:19
BRDA:47,0,0,1
BRDA:48,1,0,1
BRDA:48,1,1,6
BRDA:48,2,0,7
BRDA:48,2,1,7
BRDA:55,3,0,3
BRDA:55,3,1,3
BRDA:56,4,0,3
BRDA:56,4,1,2
BRDA:59,5,0,3
BRDA:59,5,1,2
BRF:11
BRH:11
end_of_record
TN:
SF:utils\notifications.js
FN:14,(anonymous_0)
FN:24,requestNotificationPermission
FN:40,scheduleHabitReminder
FN:107,cancelHabitReminder
FNF:4
FNH:0
FNDA:0,(anonymous_0)
FNDA:0,requestNotificationPermission
FNDA:0,scheduleHabitReminder
FNDA:0,cancelHabitReminder
DA:10,0
DA:12,0
DA:13,0
DA:14,0
DA:21,0
DA:25,0
DA:26,0
DA:27,0
DA:30,0
DA:31,0
DA:32,0
DA:34,0
DA:35,0
DA:41,0
DA:43,0
DA:44,0
DA:45,0
DA:48,0
DA:49,0
DA:51,0
DA:52,0
DA:53,0
DA:54,0
DA:55,0
DA:56,0
DA:58,0
DA:59,0
DA:62,0
DA:64,0
DA:65,0
DA:69,0
DA:70,0
DA:83,0
DA:86,0
DA:98,0
DA:101,0
DA:104,0
DA:108,0
DA:109,0
DA:111,0
DA:112,0
DA:113,0
DA:114,0
DA:115,0
LF:44
LH:0
BRDA:10,0,0,0
BRDA:10,0,1,0
BRDA:25,1,0,0
BRDA:25,1,1,0
BRDA:41,2,0,0
BRDA:41,2,1,0
BRDA:41,3,0,0
BRDA:41,3,1,0
BRDA:43,4,0,0
BRDA:43,4,1,0
BRDA:51,5,0,0
BRDA:51,5,1,0
BRDA:52,6,0,0
BRDA:52,6,1,0
BRDA:53,7,0,0
BRDA:53,7,1,0
BRDA:54,8,0,0
BRDA:54,8,1,0
BRDA:54,9,0,0
BRDA:54,9,1,0
BRDA:58,10,0,0
BRDA:58,10,1,0
BRDA:59,11,0,0
BRDA:59,11,1,0
BRDA:65,12,0,0
BRDA:65,12,1,0
BRDA:65,13,0,0
BRDA:65,13,1,0
BRDA:65,13,2,0
BRDA:72,14,0,0
BRDA:72,14,1,0
BRDA:88,15,0,0
BRDA:88,15,1,0
BRDA:108,16,0,0
BRDA:108,16,1,0
BRDA:109,17,0,0
BRDA:109,17,1,0
BRDA:111,18,0,0
BRDA:111,18,1,0
BRDA:113,19,0,0
BRDA:113,19,1,0
BRF:41
BRH:0
end_of_record
TN:
SF:utils\storage.js
FN:9,loadHabits
FN:19,saveHabits
FNF:2
FNH:2
FNDA:3,loadHabits
FNDA:1,saveHabits
DA:7,1
DA:10,3
DA:11,3
DA:12,2
DA:14,1
DA:15,1
DA:20,1
DA:21,1
DA:23,0
LF:9
LH:8
BRDA:12,0,0,1
BRDA:12,0,1,1
BRF:2
BRH:2
end_of_record
TN:
SF:utils\streaks.js
FN:11,isScheduledDay
FN:19,calculateStreaks
FN:52,(anonymous_2)
FN:56,(anonymous_3)
FN:70,isConsecutiveScheduled
FN:81,completionRate
FNF:6
FNH:6
FNDA:45,isScheduledDay
FNDA:5,calculateStreaks
FNDA:9,(anonymous_2)
FNDA:9,(anonymous_3)
FNDA:5,isConsecutiveScheduled
FNDA:1,completionRate
DA:12,45
DA:13,24
DA:14,24
DA:16,0
DA:20,5
DA:21,5
DA:22,5
DA:23,5
DA:26,5
DA:29,5
DA:30,5
DA:31,5
DA:32,1
DA:36,5
DA:37,23
DA:38,14
DA:39,14
DA:40,9
DA:42,5
DA:45,18
DA:47,18
DA:51,5
DA:52,9
DA:55,5
DA:56,5
DA:57,9
DA:58,9
DA:59,5
DA:61,4
DA:63,9
DA:64,9
DA:67,5
DA:73,5
DA:74,5
DA:75,4
DA:76,4
DA:78,5
DA:82,1
DA:83,1
DA:84,1
DA:85,1
DA:86,1
DA:87,10
DA:88,10
DA:89,10
DA:91,10
DA:93,1
DA:94,1
LF:48
LH:47
BRDA:12,0,0,21
BRDA:12,0,1,24
BRDA:12,1,0,45
BRDA:12,1,1,45
BRDA:13,2,0,24
BRDA:13,2,1,0
BRDA:20,3,0,5
BRDA:20,3,1,0
BRDA:31,4,0,1
BRDA:31,4,1,4
BRDA:31,5,0,5
BRDA:31,5,1,5
BRDA:37,6,0,14
BRDA:37,6,1,9
BRDA:39,7,0,9
BRDA:39,7,1,5
BRDA:47,8,0,0
BRDA:47,8,1,18
BRDA:58,9,0,5
BRDA:58,9,1,4
BRDA:58,10,0,9
BRDA:58,10,1,5
BRDA:75,11,0,0
BRDA:75,11,1,4
BRDA:81,12,0,0
BRDA:82,13,0,1
BRDA:82,13,1,0
BRDA:87,14,0,10
BRDA:87,14,1,0
BRDA:89,15,0,1
BRDA:89,15,1,9
BRDA:93,16,0,0
BRDA:93,16,1,1
BRF:33
BRH:25
end_of_record
